2024-06-15 01:50:20.779 [background-preinit] [34mINFO [0;39m [36mo.h.validator.internal.util.Version[0;39m - HV000001: Hibernate Validator 8.0.1.Final
2024-06-15 01:50:20.817 [restartedMain] [34mINFO [0;39m [36mc.g.t.TradeWebProjectApplication[0;39m - Starting TradeWebProjectApplication using Java 17.0.11 with PID 3132 (C:\Users\밍경\IdeaProjects\trade_web_project_BE\trade-web-project\build\classes\java\main started by 밍경 in C:\Users\밍경\IdeaProjects\trade_web_project_BE)
2024-06-15 01:50:20.818 [restartedMain] [34mINFO [0;39m [36mc.g.t.TradeWebProjectApplication[0;39m - The following 1 profile is active: "prod"
2024-06-15 01:50:20.850 [restartedMain] [34mINFO [0;39m [36mo.s.b.d.restart.ChangeableUrls[0;39m - The Class-Path manifest attribute in C:\Users\밍경\.gradle\caches\modules-2\files-2.1\org.glassfish.jaxb\jaxb-runtime\2.3.1\dd6dda9da676a54c5b36ca2806ff95ee017d8738\jaxb-runtime-2.3.1.jar referenced one or more files that do not exist: file:/C:/Users/밍경/.gradle/caches/modules-2/files-2.1/org.glassfish.jaxb/jaxb-runtime/2.3.1/dd6dda9da676a54c5b36ca2806ff95ee017d8738/jaxb-api-2.3.1.jar,file:/C:/Users/밍경/.gradle/caches/modules-2/files-2.1/org.glassfish.jaxb/jaxb-runtime/2.3.1/dd6dda9da676a54c5b36ca2806ff95ee017d8738/txw2-2.3.1.jar,file:/C:/Users/밍경/.gradle/caches/modules-2/files-2.1/org.glassfish.jaxb/jaxb-runtime/2.3.1/dd6dda9da676a54c5b36ca2806ff95ee017d8738/istack-commons-runtime-3.0.7.jar,file:/C:/Users/밍경/.gradle/caches/modules-2/files-2.1/org.glassfish.jaxb/jaxb-runtime/2.3.1/dd6dda9da676a54c5b36ca2806ff95ee017d8738/stax-ex-1.8.jar,file:/C:/Users/밍경/.gradle/caches/modules-2/files-2.1/org.glassfish.jaxb/jaxb-runtime/2.3.1/dd6dda9da676a54c5b36ca2806ff95ee017d8738/FastInfoset-1.2.15.jar,file:/C:/Users/밍경/.gradle/caches/modules-2/files-2.1/org.glassfish.jaxb/jaxb-runtime/2.3.1/dd6dda9da676a54c5b36ca2806ff95ee017d8738/javax.activation-api-1.2.0.jar
2024-06-15 01:50:20.851 [restartedMain] [34mINFO [0;39m [36mo.s.b.d.e.DevToolsPropertyDefaultsPostProcessor[0;39m - Devtools property defaults active! Set 'spring.devtools.add-properties' to 'false' to disable
2024-06-15 01:50:20.851 [restartedMain] [34mINFO [0;39m [36mo.s.b.d.e.DevToolsPropertyDefaultsPostProcessor[0;39m - For additional web related logging consider setting the 'logging.level.web' property to 'DEBUG'
2024-06-15 01:50:21.613 [restartedMain] [34mINFO [0;39m [36mo.s.d.r.c.RepositoryConfigurationDelegate[0;39m - Multiple Spring Data modules found, entering strict repository configuration mode
2024-06-15 01:50:21.614 [restartedMain] [34mINFO [0;39m [36mo.s.d.r.c.RepositoryConfigurationDelegate[0;39m - Bootstrapping Spring Data JDBC repositories in DEFAULT mode.
2024-06-15 01:50:21.645 [restartedMain] [34mINFO [0;39m [36mo.s.d.r.c.RepositoryConfigurationExtensionSupport[0;39m - Spring Data JDBC - Could not safely identify store assignment for repository candidate interface com.github.tradewebproject.repository.Jwt.TokenJpaRepository; If you want this repository to be a JDBC repository, consider annotating your entities with one of these annotations: org.springframework.data.relational.core.mapping.Table.
2024-06-15 01:50:21.647 [restartedMain] [34mINFO [0;39m [36mo.s.d.r.c.RepositoryConfigurationExtensionSupport[0;39m - Spring Data JDBC - Could not safely identify store assignment for repository candidate interface com.github.tradewebproject.repository.Like.LikeRepository; If you want this repository to be a JDBC repository, consider annotating your entities with one of these annotations: org.springframework.data.relational.core.mapping.Table.
2024-06-15 01:50:21.648 [restartedMain] [34mINFO [0;39m [36mo.s.d.r.c.RepositoryConfigurationExtensionSupport[0;39m - Spring Data JDBC - Could not safely identify store assignment for repository candidate interface com.github.tradewebproject.repository.Product.ProductRepository; If you want this repository to be a JDBC repository, consider annotating your entities with one of these annotations: org.springframework.data.relational.core.mapping.Table.
2024-06-15 01:50:21.648 [restartedMain] [34mINFO [0;39m [36mo.s.d.r.c.RepositoryConfigurationExtensionSupport[0;39m - Spring Data JDBC - Could not safely identify store assignment for repository candidate interface com.github.tradewebproject.repository.Purchase.PurchaseRepository; If you want this repository to be a JDBC repository, consider annotating your entities with one of these annotations: org.springframework.data.relational.core.mapping.Table.
2024-06-15 01:50:21.649 [restartedMain] [34mINFO [0;39m [36mo.s.d.r.c.RepositoryConfigurationExtensionSupport[0;39m - Spring Data JDBC - Could not safely identify store assignment for repository candidate interface com.github.tradewebproject.repository.Review.ReviewRepository; If you want this repository to be a JDBC repository, consider annotating your entities with one of these annotations: org.springframework.data.relational.core.mapping.Table.
2024-06-15 01:50:21.650 [restartedMain] [34mINFO [0;39m [36mo.s.d.r.c.RepositoryConfigurationExtensionSupport[0;39m - Spring Data JDBC - Could not safely identify store assignment for repository candidate interface com.github.tradewebproject.repository.User.UserJpaRepository; If you want this repository to be a JDBC repository, consider annotating your entities with one of these annotations: org.springframework.data.relational.core.mapping.Table.
2024-06-15 01:50:21.650 [restartedMain] [34mINFO [0;39m [36mo.s.d.r.c.RepositoryConfigurationDelegate[0;39m - Finished Spring Data repository scanning in 32 ms. Found 0 JDBC repository interfaces.
2024-06-15 01:50:21.661 [restartedMain] [34mINFO [0;39m [36mo.s.d.r.c.RepositoryConfigurationDelegate[0;39m - Multiple Spring Data modules found, entering strict repository configuration mode
2024-06-15 01:50:21.661 [restartedMain] [34mINFO [0;39m [36mo.s.d.r.c.RepositoryConfigurationDelegate[0;39m - Bootstrapping Spring Data JPA repositories in DEFAULT mode.
2024-06-15 01:50:21.691 [restartedMain] [34mINFO [0;39m [36mo.s.d.r.c.RepositoryConfigurationDelegate[0;39m - Finished Spring Data repository scanning in 27 ms. Found 6 JPA repository interfaces.
2024-06-15 01:50:22.287 [restartedMain] [34mINFO [0;39m [36mo.s.b.w.e.tomcat.TomcatWebServer[0;39m - Tomcat initialized with port 8080 (http)
2024-06-15 01:50:22.295 [restartedMain] [34mINFO [0;39m [36mo.a.coyote.http11.Http11NioProtocol[0;39m - Initializing ProtocolHandler ["http-nio-8080"]
2024-06-15 01:50:22.296 [restartedMain] [34mINFO [0;39m [36mo.a.catalina.core.StandardService[0;39m - Starting service [Tomcat]
2024-06-15 01:50:22.297 [restartedMain] [34mINFO [0;39m [36mo.a.catalina.core.StandardEngine[0;39m - Starting Servlet engine: [Apache Tomcat/10.1.24]
2024-06-15 01:50:22.352 [restartedMain] [34mINFO [0;39m [36mo.a.c.c.C.[Tomcat].[localhost].[/][0;39m - Initializing Spring embedded WebApplicationContext
2024-06-15 01:50:22.352 [restartedMain] [34mINFO [0;39m [36mo.s.b.w.s.c.ServletWebServerApplicationContext[0;39m - Root WebApplicationContext: initialization completed in 1501 ms
2024-06-15 01:50:22.381 [restartedMain] [34mINFO [0;39m [36mcom.zaxxer.hikari.HikariDataSource[0;39m - HikariPool-1 - Starting...
2024-06-15 01:50:22.541 [restartedMain] [34mINFO [0;39m [36mcom.zaxxer.hikari.pool.HikariPool[0;39m - HikariPool-1 - Added connection org.mariadb.jdbc.Connection@54204ebe
2024-06-15 01:50:22.543 [restartedMain] [34mINFO [0;39m [36mcom.zaxxer.hikari.HikariDataSource[0;39m - HikariPool-1 - Start completed.
2024-06-15 01:50:22.556 [restartedMain] [34mINFO [0;39m [36mo.s.b.a.h.H2ConsoleAutoConfiguration[0;39m - H2 console available at '/h2-console'. Database available at 'jdbc:mariadb://database-1.c9k20iew29ah.ap-northeast-2.rds.amazonaws.com/project_3?user=root&password=***&useUnicode=true&characterEncoding=UTF-8'
2024-06-15 01:50:22.692 [restartedMain] [34mINFO [0;39m [36mo.h.jpa.internal.util.LogHelper[0;39m - HHH000204: Processing PersistenceUnitInfo [name: default]
2024-06-15 01:50:22.742 [restartedMain] [34mINFO [0;39m [36morg.hibernate.Version[0;39m - HHH000412: Hibernate ORM core version 6.5.2.Final
2024-06-15 01:50:22.775 [restartedMain] [34mINFO [0;39m [36mo.h.c.i.RegionFactoryInitiator[0;39m - HHH000026: Second-level cache disabled
2024-06-15 01:50:23.051 [restartedMain] [34mINFO [0;39m [36mo.s.o.j.p.SpringPersistenceUnitInfo[0;39m - No LoadTimeWeaver setup: ignoring JPA class transformer
2024-06-15 01:50:24.025 [restartedMain] [34mINFO [0;39m [36mo.h.e.t.j.p.i.JtaPlatformInitiator[0;39m - HHH000489: No JTA platform available (set 'hibernate.transaction.jta.platform' to enable JTA platform integration)
2024-06-15 01:50:24.028 [restartedMain] [34mINFO [0;39m [36mo.s.o.j.LocalContainerEntityManagerFactoryBean[0;39m - Initialized JPA EntityManagerFactory for persistence unit 'default'
2024-06-15 01:50:24.568 [restartedMain] [31mWARN [0;39m [36mo.s.b.a.o.j.JpaBaseConfiguration$JpaWebConfiguration[0;39m - spring.jpa.open-in-view is enabled by default. Therefore, database queries may be performed during view rendering. Explicitly configure spring.jpa.open-in-view to disable this warning
2024-06-15 01:50:24.588 [restartedMain] [31mWARN [0;39m [36mo.s.b.a.s.s.UserDetailsServiceAutoConfiguration[0;39m - 

Using generated security password: b23fd0d7-e4f2-437a-bcfd-e271ed2c3704

This generated password is for development use only. Your security configuration must be updated before running your application in production.

2024-06-15 01:50:24.595 [restartedMain] [34mINFO [0;39m [36mo.s.s.c.a.a.c.InitializeUserDetailsBeanManagerConfigurer$InitializeUserDetailsManagerConfigurer[0;39m - Global AuthenticationManager configured with UserDetailsService bean with name inMemoryUserDetailsManager
2024-06-15 01:50:24.803 [restartedMain] [34mINFO [0;39m [36mo.s.s.web.DefaultSecurityFilterChain[0;39m - Will secure any request with [org.springframework.security.web.session.DisableEncodeUrlFilter@1298d426, org.springframework.security.web.context.request.async.WebAsyncManagerIntegrationFilter@41054b0, org.springframework.security.web.context.SecurityContextHolderFilter@4ca94f3e, org.springframework.security.web.header.HeaderWriterFilter@31d75d30, org.springframework.web.filter.CorsFilter@5508cb0b, com.github.tradewebproject.Dto.Jwt.JwtExceptionFilter@41f6d1e0, com.github.tradewebproject.Dto.Jwt.JwtAuthenticationFilter@6a35d759, org.springframework.security.web.savedrequest.RequestCacheAwareFilter@219b431e, org.springframework.security.web.servletapi.SecurityContextHolderAwareRequestFilter@130788f2, org.springframework.security.web.authentication.AnonymousAuthenticationFilter@3ed817dd, org.springframework.security.web.session.SessionManagementFilter@4ca54d7d, org.springframework.security.web.access.ExceptionTranslationFilter@6a149d98, org.springframework.security.web.access.intercept.AuthorizationFilter@5038d4d9]
2024-06-15 01:50:24.950 [restartedMain] [31mWARN [0;39m [36mo.s.b.a.t.ThymeleafAutoConfiguration$DefaultTemplateResolverConfiguration[0;39m - Cannot find template location: classpath:/templates/ (please add some templates, check your Thymeleaf configuration, or set spring.thymeleaf.check-template-location=false)
2024-06-15 01:50:25.179 [restartedMain] [34mINFO [0;39m [36mo.s.b.d.a.OptionalLiveReloadServer[0;39m - LiveReload server is running on port 35729
2024-06-15 01:50:25.198 [restartedMain] [34mINFO [0;39m [36mo.a.coyote.http11.Http11NioProtocol[0;39m - Starting ProtocolHandler ["http-nio-8080"]
2024-06-15 01:50:25.208 [restartedMain] [34mINFO [0;39m [36mo.s.b.w.e.tomcat.TomcatWebServer[0;39m - Tomcat started on port 8080 (http) with context path '/'
2024-06-15 01:50:25.217 [restartedMain] [34mINFO [0;39m [36mc.g.t.TradeWebProjectApplication[0;39m - Started TradeWebProjectApplication in 4.794 seconds (process running for 5.308)
2024-06-15 01:50:27.921 [http-nio-8080-exec-1] [34mINFO [0;39m [36mo.a.c.c.C.[Tomcat].[localhost].[/][0;39m - Initializing Spring DispatcherServlet 'dispatcherServlet'
2024-06-15 01:50:27.922 [http-nio-8080-exec-1] [34mINFO [0;39m [36mo.s.web.servlet.DispatcherServlet[0;39m - Initializing Servlet 'dispatcherServlet'
2024-06-15 01:50:27.923 [http-nio-8080-exec-1] [34mINFO [0;39m [36mo.s.web.servlet.DispatcherServlet[0;39m - Completed initialization in 1 ms
2024-06-15 01:51:31.719 [http-nio-8080-exec-5] [34mINFO [0;39m [36mc.g.t.D.Jwt.JwtAuthenticationFilter[0;39m - checkAccessTokenAndAuthentication() 호출
2024-06-15 01:51:31.864 [http-nio-8080-exec-5] [34mINFO [0;39m [36mc.g.t.service.Jwt.JwtServiceImpl[0;39m - userEmail : test2@naver.com
2024-06-15 01:51:31.900 [http-nio-8080-exec-5] [34mINFO [0;39m [36mc.g.t.service.Jwt.JwtServiceImpl[0;39m - member : UserDto(userId=8, email=test2@naver.com, userPassword={bcrypt}$2a$10$vxmN0ruUF0pMzhsCslA2K.VLLOlZA78HuGtPhUKeDpf9tJ64ssoSK, userNickname=test2, userPhone=01012341234, userInterests=[가전, 의류, 전자기기], userImg=914e4d86-d342-4ecf-9b30-bb875d2f9ef5_PICT0056.jpg, role=USER, deleted=INUSE)
2024-06-15 01:54:54.552 [http-nio-8080-exec-7] [34mINFO [0;39m [36mc.g.t.D.Jwt.JwtAuthenticationFilter[0;39m - checkAccessTokenAndAuthentication() 호출
2024-06-15 01:54:54.780 [http-nio-8080-exec-9] [34mINFO [0;39m [36mc.g.t.D.Jwt.JwtAuthenticationFilter[0;39m - checkAccessTokenAndAuthentication() 호출
2024-06-15 01:54:54.984 [http-nio-8080-exec-10] [34mINFO [0;39m [36mc.g.t.D.Jwt.JwtAuthenticationFilter[0;39m - checkAccessTokenAndAuthentication() 호출
2024-06-15 01:54:55.283 [http-nio-8080-exec-2] [34mINFO [0;39m [36mc.g.t.D.Jwt.JwtAuthenticationFilter[0;39m - checkAccessTokenAndAuthentication() 호출
2024-06-15 02:09:26.414 [http-nio-8080-exec-1] [34mINFO [0;39m [36mc.g.t.D.Jwt.JwtAuthenticationFilter[0;39m - checkAccessTokenAndAuthentication() 호출
2024-06-15 02:59:46.192 [File Watcher] [34mINFO [0;39m [36mo.s.b.d.a.LocalDevToolsAutoConfiguration$RestartingClassPathChangeChangedEventListener[0;39m - Restarting due to 1 class path change (0 additions, 0 deletions, 1 modification)
2024-06-15 02:59:46.211 [Thread-5] [34mINFO [0;39m [36mo.a.coyote.http11.Http11NioProtocol[0;39m - Stopping ProtocolHandler ["http-nio-8080"]
2024-06-15 02:59:46.251 [Thread-5] [34mINFO [0;39m [36mo.s.o.j.LocalContainerEntityManagerFactoryBean[0;39m - Closing JPA EntityManagerFactory for persistence unit 'default'
2024-06-15 02:59:46.262 [Thread-5] [34mINFO [0;39m [36mcom.zaxxer.hikari.HikariDataSource[0;39m - HikariPool-1 - Shutdown initiated...
2024-06-15 02:59:46.356 [Thread-5] [34mINFO [0;39m [36mcom.zaxxer.hikari.HikariDataSource[0;39m - HikariPool-1 - Shutdown completed.
2024-06-15 02:59:46.460 [restartedMain] [34mINFO [0;39m [36mc.g.t.TradeWebProjectApplication[0;39m - Starting TradeWebProjectApplication using Java 17.0.11 with PID 3132 (C:\Users\밍경\IdeaProjects\trade_web_project_BE\trade-web-project\build\classes\java\main started by 밍경 in C:\Users\밍경\IdeaProjects\trade_web_project_BE)
2024-06-15 02:59:46.460 [restartedMain] [34mINFO [0;39m [36mc.g.t.TradeWebProjectApplication[0;39m - The following 1 profile is active: "prod"
2024-06-15 02:59:46.774 [restartedMain] [34mINFO [0;39m [36mo.s.d.r.c.RepositoryConfigurationDelegate[0;39m - Multiple Spring Data modules found, entering strict repository configuration mode
2024-06-15 02:59:46.774 [restartedMain] [34mINFO [0;39m [36mo.s.d.r.c.RepositoryConfigurationDelegate[0;39m - Bootstrapping Spring Data JDBC repositories in DEFAULT mode.
2024-06-15 02:59:46.783 [restartedMain] [34mINFO [0;39m [36mo.s.d.r.c.RepositoryConfigurationExtensionSupport[0;39m - Spring Data JDBC - Could not safely identify store assignment for repository candidate interface com.github.tradewebproject.repository.Jwt.TokenJpaRepository; If you want this repository to be a JDBC repository, consider annotating your entities with one of these annotations: org.springframework.data.relational.core.mapping.Table.
2024-06-15 02:59:46.784 [restartedMain] [34mINFO [0;39m [36mo.s.d.r.c.RepositoryConfigurationExtensionSupport[0;39m - Spring Data JDBC - Could not safely identify store assignment for repository candidate interface com.github.tradewebproject.repository.Like.LikeRepository; If you want this repository to be a JDBC repository, consider annotating your entities with one of these annotations: org.springframework.data.relational.core.mapping.Table.
2024-06-15 02:59:46.785 [restartedMain] [34mINFO [0;39m [36mo.s.d.r.c.RepositoryConfigurationExtensionSupport[0;39m - Spring Data JDBC - Could not safely identify store assignment for repository candidate interface com.github.tradewebproject.repository.Product.ProductRepository; If you want this repository to be a JDBC repository, consider annotating your entities with one of these annotations: org.springframework.data.relational.core.mapping.Table.
2024-06-15 02:59:46.786 [restartedMain] [34mINFO [0;39m [36mo.s.d.r.c.RepositoryConfigurationExtensionSupport[0;39m - Spring Data JDBC - Could not safely identify store assignment for repository candidate interface com.github.tradewebproject.repository.Purchase.PurchaseRepository; If you want this repository to be a JDBC repository, consider annotating your entities with one of these annotations: org.springframework.data.relational.core.mapping.Table.
2024-06-15 02:59:46.786 [restartedMain] [34mINFO [0;39m [36mo.s.d.r.c.RepositoryConfigurationExtensionSupport[0;39m - Spring Data JDBC - Could not safely identify store assignment for repository candidate interface com.github.tradewebproject.repository.Review.ReviewRepository; If you want this repository to be a JDBC repository, consider annotating your entities with one of these annotations: org.springframework.data.relational.core.mapping.Table.
2024-06-15 02:59:46.787 [restartedMain] [34mINFO [0;39m [36mo.s.d.r.c.RepositoryConfigurationExtensionSupport[0;39m - Spring Data JDBC - Could not safely identify store assignment for repository candidate interface com.github.tradewebproject.repository.User.UserJpaRepository; If you want this repository to be a JDBC repository, consider annotating your entities with one of these annotations: org.springframework.data.relational.core.mapping.Table.
2024-06-15 02:59:46.787 [restartedMain] [34mINFO [0;39m [36mo.s.d.r.c.RepositoryConfigurationDelegate[0;39m - Finished Spring Data repository scanning in 13 ms. Found 0 JDBC repository interfaces.
2024-06-15 02:59:46.790 [restartedMain] [34mINFO [0;39m [36mo.s.d.r.c.RepositoryConfigurationDelegate[0;39m - Multiple Spring Data modules found, entering strict repository configuration mode
2024-06-15 02:59:46.790 [restartedMain] [34mINFO [0;39m [36mo.s.d.r.c.RepositoryConfigurationDelegate[0;39m - Bootstrapping Spring Data JPA repositories in DEFAULT mode.
2024-06-15 02:59:46.804 [restartedMain] [34mINFO [0;39m [36mo.s.d.r.c.RepositoryConfigurationDelegate[0;39m - Finished Spring Data repository scanning in 12 ms. Found 6 JPA repository interfaces.
2024-06-15 02:59:46.924 [restartedMain] [34mINFO [0;39m [36mo.s.b.w.e.tomcat.TomcatWebServer[0;39m - Tomcat initialized with port 8080 (http)
2024-06-15 02:59:46.925 [restartedMain] [34mINFO [0;39m [36mo.a.coyote.http11.Http11NioProtocol[0;39m - Initializing ProtocolHandler ["http-nio-8080"]
2024-06-15 02:59:46.925 [restartedMain] [34mINFO [0;39m [36mo.a.catalina.core.StandardService[0;39m - Starting service [Tomcat]
2024-06-15 02:59:46.925 [restartedMain] [34mINFO [0;39m [36mo.a.catalina.core.StandardEngine[0;39m - Starting Servlet engine: [Apache Tomcat/10.1.24]
2024-06-15 02:59:46.945 [restartedMain] [34mINFO [0;39m [36mo.a.c.c.C.[Tomcat].[localhost].[/][0;39m - Initializing Spring embedded WebApplicationContext
2024-06-15 02:59:46.945 [restartedMain] [34mINFO [0;39m [36mo.s.b.w.s.c.ServletWebServerApplicationContext[0;39m - Root WebApplicationContext: initialization completed in 483 ms
2024-06-15 02:59:46.957 [restartedMain] [34mINFO [0;39m [36mcom.zaxxer.hikari.HikariDataSource[0;39m - HikariPool-2 - Starting...
2024-06-15 02:59:47.033 [restartedMain] [34mINFO [0;39m [36mcom.zaxxer.hikari.pool.HikariPool[0;39m - HikariPool-2 - Added connection org.mariadb.jdbc.Connection@6e9c25b7
2024-06-15 02:59:47.034 [restartedMain] [34mINFO [0;39m [36mcom.zaxxer.hikari.HikariDataSource[0;39m - HikariPool-2 - Start completed.
2024-06-15 02:59:47.034 [restartedMain] [34mINFO [0;39m [36mo.s.b.a.h.H2ConsoleAutoConfiguration[0;39m - H2 console available at '/h2-console'. Database available at 'jdbc:mariadb://database-1.c9k20iew29ah.ap-northeast-2.rds.amazonaws.com/project_3?user=root&password=***&useUnicode=true&characterEncoding=UTF-8'
2024-06-15 02:59:47.069 [restartedMain] [34mINFO [0;39m [36mo.h.jpa.internal.util.LogHelper[0;39m - HHH000204: Processing PersistenceUnitInfo [name: default]
2024-06-15 02:59:47.073 [restartedMain] [34mINFO [0;39m [36mo.h.c.i.RegionFactoryInitiator[0;39m - HHH000026: Second-level cache disabled
2024-06-15 02:59:47.087 [restartedMain] [34mINFO [0;39m [36mo.s.o.j.p.SpringPersistenceUnitInfo[0;39m - No LoadTimeWeaver setup: ignoring JPA class transformer
2024-06-15 02:59:47.211 [restartedMain] [34mINFO [0;39m [36mo.h.e.t.j.p.i.JtaPlatformInitiator[0;39m - HHH000489: No JTA platform available (set 'hibernate.transaction.jta.platform' to enable JTA platform integration)
2024-06-15 02:59:47.211 [restartedMain] [34mINFO [0;39m [36mo.s.o.j.LocalContainerEntityManagerFactoryBean[0;39m - Initialized JPA EntityManagerFactory for persistence unit 'default'
2024-06-15 02:59:47.427 [restartedMain] [31mWARN [0;39m [36mo.s.b.a.o.j.JpaBaseConfiguration$JpaWebConfiguration[0;39m - spring.jpa.open-in-view is enabled by default. Therefore, database queries may be performed during view rendering. Explicitly configure spring.jpa.open-in-view to disable this warning
2024-06-15 02:59:47.437 [restartedMain] [31mWARN [0;39m [36mo.s.b.a.s.s.UserDetailsServiceAutoConfiguration[0;39m - 

Using generated security password: 6d8039f8-8d0f-436a-9ae6-4f00f6c657d1

This generated password is for development use only. Your security configuration must be updated before running your application in production.

2024-06-15 02:59:47.438 [restartedMain] [34mINFO [0;39m [36mo.s.s.c.a.a.c.InitializeUserDetailsBeanManagerConfigurer$InitializeUserDetailsManagerConfigurer[0;39m - Global AuthenticationManager configured with UserDetailsService bean with name inMemoryUserDetailsManager
2024-06-15 02:59:47.521 [restartedMain] [34mINFO [0;39m [36mo.s.s.web.DefaultSecurityFilterChain[0;39m - Will secure any request with [org.springframework.security.web.session.DisableEncodeUrlFilter@7200ee52, org.springframework.security.web.context.request.async.WebAsyncManagerIntegrationFilter@4b902192, org.springframework.security.web.context.SecurityContextHolderFilter@76613f10, org.springframework.security.web.header.HeaderWriterFilter@4e3edd26, org.springframework.web.filter.CorsFilter@22967f47, com.github.tradewebproject.Dto.Jwt.JwtExceptionFilter@3caf1d9a, com.github.tradewebproject.Dto.Jwt.JwtAuthenticationFilter@53e7cd0, org.springframework.security.web.savedrequest.RequestCacheAwareFilter@d1674aa, org.springframework.security.web.servletapi.SecurityContextHolderAwareRequestFilter@4c6eb8f8, org.springframework.security.web.authentication.AnonymousAuthenticationFilter@70b9605b, org.springframework.security.web.session.SessionManagementFilter@576513e1, org.springframework.security.web.access.ExceptionTranslationFilter@19230405, org.springframework.security.web.access.intercept.AuthorizationFilter@4c0d705d]
2024-06-15 02:59:47.570 [restartedMain] [31mWARN [0;39m [36mo.s.b.a.t.ThymeleafAutoConfiguration$DefaultTemplateResolverConfiguration[0;39m - Cannot find template location: classpath:/templates/ (please add some templates, check your Thymeleaf configuration, or set spring.thymeleaf.check-template-location=false)
2024-06-15 02:59:47.684 [restartedMain] [34mINFO [0;39m [36mo.s.b.d.a.OptionalLiveReloadServer[0;39m - LiveReload server is running on port 35729
2024-06-15 02:59:47.694 [restartedMain] [34mINFO [0;39m [36mo.a.coyote.http11.Http11NioProtocol[0;39m - Starting ProtocolHandler ["http-nio-8080"]
2024-06-15 02:59:47.695 [restartedMain] [34mINFO [0;39m [36mo.s.b.w.e.tomcat.TomcatWebServer[0;39m - Tomcat started on port 8080 (http) with context path '/'
2024-06-15 02:59:47.700 [restartedMain] [34mINFO [0;39m [36mc.g.t.TradeWebProjectApplication[0;39m - Started TradeWebProjectApplication in 1.283 seconds (process running for 4167.791)
2024-06-15 02:59:47.703 [restartedMain] [34mINFO [0;39m [36mo.s.b.d.a.ConditionEvaluationDeltaLoggingListener[0;39m - Condition evaluation unchanged
2024-06-15 03:10:04.096 [SpringApplicationShutdownHook] [34mINFO [0;39m [36mo.s.o.j.LocalContainerEntityManagerFactoryBean[0;39m - Closing JPA EntityManagerFactory for persistence unit 'default'
2024-06-15 03:10:04.097 [SpringApplicationShutdownHook] [34mINFO [0;39m [36mcom.zaxxer.hikari.HikariDataSource[0;39m - HikariPool-2 - Shutdown initiated...
2024-06-15 03:10:04.174 [SpringApplicationShutdownHook] [34mINFO [0;39m [36mcom.zaxxer.hikari.HikariDataSource[0;39m - HikariPool-2 - Shutdown completed.
